{"/Users/sujimmy/react-winmine/src/demo.js": {"path":"/Users/sujimmy/react-winmine/src/demo.js","statementMap":{"0":{"start":{"line":5,"column":0},"end":{"line":10,"column":2}}},"fnMap":{},"branchMap":{},"s":{"0":0},"f":{},"b":{},"hash":"6acf2143d08d2b7473d3f3d1baf8047d5ed96350"}
,"/Users/sujimmy/react-winmine/src/dev.js": {"path":"/Users/sujimmy/react-winmine/src/dev.js","statementMap":{"0":{"start":{"line":5,"column":0},"end":{"line":5,"column":61}},"1":{"start":{"line":7,"column":0},"end":{"line":9,"column":1}},"2":{"start":{"line":8,"column":2},"end":{"line":8,"column":22}}},"fnMap":{},"branchMap":{"0":{"loc":{"start":{"line":7,"column":0},"end":{"line":9,"column":1}},"type":"if","locations":[{"start":{"line":7,"column":0},"end":{"line":9,"column":1}},{"start":{"line":7,"column":0},"end":{"line":9,"column":1}}],"line":7}},"s":{"0":0,"1":0,"2":0},"f":{},"b":{"0":[0,0]},"hash":"d1ac5ae4ab1836cdb708dce90f6eced2e7395a03"}
,"/Users/sujimmy/react-winmine/src/index.js": {"path":"/Users/sujimmy/react-winmine/src/index.js","statementMap":{},"fnMap":{},"branchMap":{},"s":{},"f":{},"b":{},"hash":"bbac1af477006e203b6ee7a007660014dcad0d90"}
,"/Users/sujimmy/react-winmine/src/businessLogic/mineMap.js": {"path":"/Users/sujimmy/react-winmine/src/businessLogic/mineMap.js","statementMap":{"0":{"start":{"line":1,"column":19},"end":{"line":9,"column":1}},"1":{"start":{"line":2,"column":15},"end":{"line":2,"column":17}},"2":{"start":{"line":3,"column":18},"end":{"line":3,"column":32}},"3":{"start":{"line":4,"column":2},"end":{"line":7,"column":3}},"4":{"start":{"line":5,"column":20},"end":{"line":5,"column":47}},"5":{"start":{"line":6,"column":4},"end":{"line":6,"column":24}},"6":{"start":{"line":8,"column":2},"end":{"line":8,"column":40}},"7":{"start":{"line":8,"column":36},"end":{"line":8,"column":38}},"8":{"start":{"line":11,"column":19},"end":{"line":13,"column":1}},"9":{"start":{"line":12,"column":2},"end":{"line":12,"column":49}},"10":{"start":{"line":15,"column":25},"end":{"line":26,"column":1}},"11":{"start":{"line":16,"column":25},"end":{"line":16,"column":51}},"12":{"start":{"line":17,"column":26},"end":{"line":17,"column":58}},"13":{"start":{"line":18,"column":20},"end":{"line":18,"column":53}},"14":{"start":{"line":19,"column":21},"end":{"line":19,"column":57}},"15":{"start":{"line":20,"column":2},"end":{"line":25,"column":4}},"16":{"start":{"line":21,"column":4},"end":{"line":24,"column":6}},"17":{"start":{"line":28,"column":19},"end":{"line":55,"column":1}},"18":{"start":{"line":29,"column":2},"end":{"line":54,"column":14}},"19":{"start":{"line":30,"column":27},"end":{"line":30,"column":53}},"20":{"start":{"line":31,"column":28},"end":{"line":31,"column":60}},"21":{"start":{"line":32,"column":24},"end":{"line":32,"column":38}},"22":{"start":{"line":33,"column":28},"end":{"line":33,"column":65}},"23":{"start":{"line":34,"column":4},"end":{"line":34,"column":30}},"24":{"start":{"line":35,"column":28},"end":{"line":44,"column":5}},"25":{"start":{"line":46,"column":4},"end":{"line":52,"column":9}},"26":{"start":{"line":47,"column":19},"end":{"line":47,"column":63}},"27":{"start":{"line":48,"column":19},"end":{"line":48,"column":38}},"28":{"start":{"line":50,"column":28},"end":{"line":50,"column":46}},"29":{"start":{"line":51,"column":8},"end":{"line":51,"column":61}},"30":{"start":{"line":53,"column":4},"end":{"line":53,"column":18}},"31":{"start":{"line":57,"column":18},"end":{"line":62,"column":1}},"32":{"start":{"line":58,"column":2},"end":{"line":60,"column":3}},"33":{"start":{"line":59,"column":4},"end":{"line":59,"column":24}},"34":{"start":{"line":61,"column":2},"end":{"line":61,"column":18}},"35":{"start":{"line":63,"column":20},"end":{"line":66,"column":1}},"36":{"start":{"line":64,"column":18},"end":{"line":64,"column":32}},"37":{"start":{"line":65,"column":2},"end":{"line":65,"column":32}},"38":{"start":{"line":68,"column":22},"end":{"line":76,"column":1}},"39":{"start":{"line":69,"column":23},"end":{"line":69,"column":49}},"40":{"start":{"line":70,"column":23},"end":{"line":70,"column":57}},"41":{"start":{"line":71,"column":18},"end":{"line":71,"column":63}},"42":{"start":{"line":72,"column":2},"end":{"line":75,"column":4}}},"fnMap":{"0":{"name":"(anonymous_0)","decl":{"start":{"line":1,"column":19},"end":{"line":1,"column":20}},"loc":{"start":{"line":1,"column":47},"end":{"line":9,"column":1}},"line":1},"1":{"name":"(anonymous_1)","decl":{"start":{"line":8,"column":31},"end":{"line":8,"column":32}},"loc":{"start":{"line":8,"column":36},"end":{"line":8,"column":38}},"line":8},"2":{"name":"(anonymous_2)","decl":{"start":{"line":11,"column":19},"end":{"line":11,"column":20}},"loc":{"start":{"line":11,"column":46},"end":{"line":13,"column":1}},"line":11},"3":{"name":"(anonymous_3)","decl":{"start":{"line":15,"column":25},"end":{"line":15,"column":26}},"loc":{"start":{"line":15,"column":50},"end":{"line":26,"column":1}},"line":15},"4":{"name":"(anonymous_4)","decl":{"start":{"line":20,"column":9},"end":{"line":20,"column":10}},"loc":{"start":{"line":20,"column":21},"end":{"line":25,"column":3}},"line":20},"5":{"name":"(anonymous_5)","decl":{"start":{"line":28,"column":19},"end":{"line":28,"column":20}},"loc":{"start":{"line":28,"column":57},"end":{"line":55,"column":1}},"line":28},"6":{"name":"(anonymous_6)","decl":{"start":{"line":29,"column":33},"end":{"line":29,"column":34}},"loc":{"start":{"line":29,"column":59},"end":{"line":54,"column":3}},"line":29},"7":{"name":"(anonymous_7)","decl":{"start":{"line":47,"column":14},"end":{"line":47,"column":15}},"loc":{"start":{"line":47,"column":19},"end":{"line":47,"column":63}},"line":47},"8":{"name":"(anonymous_8)","decl":{"start":{"line":48,"column":14},"end":{"line":48,"column":15}},"loc":{"start":{"line":48,"column":19},"end":{"line":48,"column":38}},"line":48},"9":{"name":"(anonymous_9)","decl":{"start":{"line":49,"column":15},"end":{"line":49,"column":16}},"loc":{"start":{"line":49,"column":20},"end":{"line":52,"column":7}},"line":49},"10":{"name":"(anonymous_10)","decl":{"start":{"line":57,"column":18},"end":{"line":57,"column":19}},"loc":{"start":{"line":57,"column":30},"end":{"line":62,"column":1}},"line":57},"11":{"name":"(anonymous_11)","decl":{"start":{"line":63,"column":20},"end":{"line":63,"column":21}},"loc":{"start":{"line":63,"column":39},"end":{"line":66,"column":1}},"line":63},"12":{"name":"(anonymous_12)","decl":{"start":{"line":68,"column":22},"end":{"line":68,"column":23}},"loc":{"start":{"line":68,"column":50},"end":{"line":76,"column":1}},"line":68}},"branchMap":{"0":{"loc":{"start":{"line":12,"column":9},"end":{"line":12,"column":48}},"type":"binary-expr","locations":[{"start":{"line":12,"column":9},"end":{"line":12,"column":32}},{"start":{"line":12,"column":36},"end":{"line":12,"column":48}}],"line":12},"1":{"loc":{"start":{"line":22,"column":6},"end":{"line":23,"column":56}},"type":"binary-expr","locations":[{"start":{"line":22,"column":7},"end":{"line":22,"column":21}},{"start":{"line":22,"column":25},"end":{"line":22,"column":53}},{"start":{"line":23,"column":7},"end":{"line":23,"column":22}},{"start":{"line":23,"column":26},"end":{"line":23,"column":55}}],"line":22},"2":{"loc":{"start":{"line":58,"column":2},"end":{"line":60,"column":3}},"type":"if","locations":[{"start":{"line":58,"column":2},"end":{"line":60,"column":3}},{"start":{"line":58,"column":2},"end":{"line":60,"column":3}}],"line":58},"3":{"loc":{"start":{"line":58,"column":6},"end":{"line":58,"column":47}},"type":"binary-expr","locations":[{"start":{"line":58,"column":6},"end":{"line":58,"column":28}},{"start":{"line":58,"column":32},"end":{"line":58,"column":47}}],"line":58}},"s":{"0":1,"1":5,"2":5,"3":5,"4":46,"5":46,"6":5,"7":45,"8":1,"9":360,"10":1,"11":45,"12":45,"13":45,"14":45,"15":45,"16":287,"17":1,"18":5,"19":45,"20":45,"21":45,"22":45,"23":45,"24":45,"25":45,"26":360,"27":287,"28":222,"29":222,"30":45,"31":1,"32":222,"33":185,"34":37,"35":1,"36":5,"37":5,"38":1,"39":5,"40":5,"41":5,"42":5},"f":{"0":5,"1":45,"2":360,"3":45,"4":287,"5":5,"6":45,"7":360,"8":287,"9":222,"10":222,"11":5,"12":5},"b":{"0":[360,322],"1":[287,98,251,79],"2":[185,37],"3":[222,222]},"_coverageSchema":"43e27e138ebf9cfc5966b082cf9a028302ed4184","hash":"e6a3d77b49640c004d8b62d4ded0bdf677b7f137"}
,"/Users/sujimmy/react-winmine/src/components/Brick.js": {"path":"/Users/sujimmy/react-winmine/src/components/Brick.js","statementMap":{"0":{"start":{"line":5,"column":24},"end":{"line":17,"column":1}},"1":{"start":{"line":19,"column":14},"end":{"line":51,"column":1}},"2":{"start":{"line":27,"column":17},"end":{"line":27,"column":30}},"3":{"start":{"line":28,"column":20},"end":{"line":28,"column":61}},"4":{"start":{"line":29,"column":2},"end":{"line":33,"column":3}},"5":{"start":{"line":30,"column":27},"end":{"line":30,"column":79}},"6":{"start":{"line":31,"column":4},"end":{"line":31,"column":32}},"7":{"start":{"line":32,"column":4},"end":{"line":32,"column":26}},"8":{"start":{"line":34,"column":2},"end":{"line":36,"column":3}},"9":{"start":{"line":35,"column":4},"end":{"line":35,"column":24}},"10":{"start":{"line":37,"column":2},"end":{"line":39,"column":3}},"11":{"start":{"line":38,"column":4},"end":{"line":38,"column":25}},"12":{"start":{"line":41,"column":20},"end":{"line":41,"column":36}},"13":{"start":{"line":42,"column":2},"end":{"line":50,"column":4}},"14":{"start":{"line":53,"column":0},"end":{"line":57,"column":2}},"15":{"start":{"line":59,"column":0},"end":{"line":66,"column":2}}},"fnMap":{"0":{"name":"(anonymous_0)","decl":{"start":{"line":19,"column":14},"end":{"line":19,"column":15}},"loc":{"start":{"line":26,"column":6},"end":{"line":51,"column":1}},"line":26}},"branchMap":{"0":{"loc":{"start":{"line":28,"column":20},"end":{"line":28,"column":61}},"type":"cond-expr","locations":[{"start":{"line":28,"column":51},"end":{"line":28,"column":53}},{"start":{"line":28,"column":56},"end":{"line":28,"column":61}}],"line":28},"1":{"loc":{"start":{"line":28,"column":20},"end":{"line":28,"column":48}},"type":"binary-expr","locations":[{"start":{"line":28,"column":20},"end":{"line":28,"column":32}},{"start":{"line":28,"column":36},"end":{"line":28,"column":48}}],"line":28},"2":{"loc":{"start":{"line":29,"column":2},"end":{"line":33,"column":3}},"type":"if","locations":[{"start":{"line":29,"column":2},"end":{"line":33,"column":3}},{"start":{"line":29,"column":2},"end":{"line":33,"column":3}}],"line":29},"3":{"loc":{"start":{"line":30,"column":27},"end":{"line":30,"column":79}},"type":"cond-expr","locations":[{"start":{"line":30,"column":52},"end":{"line":30,"column":74}},{"start":{"line":30,"column":77},"end":{"line":30,"column":79}}],"line":30},"4":{"loc":{"start":{"line":34,"column":2},"end":{"line":36,"column":3}},"type":"if","locations":[{"start":{"line":34,"column":2},"end":{"line":36,"column":3}},{"start":{"line":34,"column":2},"end":{"line":36,"column":3}}],"line":34},"5":{"loc":{"start":{"line":37,"column":2},"end":{"line":39,"column":3}},"type":"if","locations":[{"start":{"line":37,"column":2},"end":{"line":39,"column":3}},{"start":{"line":37,"column":2},"end":{"line":39,"column":3}}],"line":37},"6":{"loc":{"start":{"line":48,"column":7},"end":{"line":48,"column":41}},"type":"binary-expr","locations":[{"start":{"line":48,"column":7},"end":{"line":48,"column":13}},{"start":{"line":48,"column":17},"end":{"line":48,"column":41}}],"line":48}},"s":{"0":0,"1":0,"2":0,"3":0,"4":0,"5":0,"6":0,"7":0,"8":0,"9":0,"10":0,"11":0,"12":0,"13":0,"14":0,"15":0},"f":{"0":0},"b":{"0":[0,0],"1":[0,0],"2":[0,0],"3":[0,0],"4":[0,0],"5":[0,0],"6":[0,0]},"hash":"3618119b71f186e42a4ed1cc89c94c19e9a9bf73"}
,"/Users/sujimmy/react-winmine/src/components/Const.js": {"path":"/Users/sujimmy/react-winmine/src/components/Const.js","statementMap":{"0":{"start":{"line":1,"column":18},"end":{"line":5,"column":1}}},"fnMap":{},"branchMap":{},"s":{"0":0},"f":{},"b":{},"hash":"111d7110c84d724d2b9dded777f0719ceb0447d6"}
,"/Users/sujimmy/react-winmine/src/components/DigitalBoard.js": {"path":"/Users/sujimmy/react-winmine/src/components/DigitalBoard.js","statementMap":{"0":{"start":{"line":7,"column":21},"end":{"line":20,"column":1}},"1":{"start":{"line":8,"column":19},"end":{"line":8,"column":34}},"2":{"start":{"line":9,"column":16},"end":{"line":9,"column":29}},"3":{"start":{"line":10,"column":15},"end":{"line":10,"column":39}},"4":{"start":{"line":11,"column":19},"end":{"line":11,"column":44}},"5":{"start":{"line":13,"column":2},"end":{"line":19,"column":4}},"6":{"start":{"line":22,"column":0},"end":{"line":24,"column":2}},"7":{"start":{"line":26,"column":0},"end":{"line":28,"column":2}}},"fnMap":{"0":{"name":"(anonymous_0)","decl":{"start":{"line":7,"column":21},"end":{"line":7,"column":22}},"loc":{"start":{"line":7,"column":36},"end":{"line":20,"column":1}},"line":7}},"branchMap":{},"s":{"0":1,"1":9,"2":9,"3":9,"4":9,"5":9,"6":1,"7":1},"f":{"0":9},"b":{},"_coverageSchema":"43e27e138ebf9cfc5966b082cf9a028302ed4184","hash":"d778afd00d34403058e89a9f3ca2e63922b537a3"}
,"/Users/sujimmy/react-winmine/src/components/DigitalNumber.js": {"path":"/Users/sujimmy/react-winmine/src/components/DigitalNumber.js","statementMap":{"0":{"start":{"line":6,"column":16},"end":{"line":17,"column":1}},"1":{"start":{"line":18,"column":25},"end":{"line":26,"column":1}},"2":{"start":{"line":28,"column":22},"end":{"line":41,"column":1}},"3":{"start":{"line":29,"column":21},"end":{"line":29,"column":35}},"4":{"start":{"line":31,"column":2},"end":{"line":40,"column":4}},"5":{"start":{"line":34,"column":25},"end":{"line":34,"column":45}},"6":{"start":{"line":35,"column":8},"end":{"line":37,"column":10}},"7":{"start":{"line":43,"column":0},"end":{"line":45,"column":2}},"8":{"start":{"line":47,"column":0},"end":{"line":49,"column":2}}},"fnMap":{"0":{"name":"(anonymous_0)","decl":{"start":{"line":28,"column":22},"end":{"line":28,"column":23}},"loc":{"start":{"line":28,"column":37},"end":{"line":41,"column":1}},"line":28},"1":{"name":"(anonymous_1)","decl":{"start":{"line":33,"column":28},"end":{"line":33,"column":29}},"loc":{"start":{"line":33,"column":49},"end":{"line":38,"column":7}},"line":33}},"branchMap":{},"s":{"0":2,"1":2,"2":2,"3":14,"4":14,"5":98,"6":98,"7":2,"8":2},"f":{"0":14,"1":98},"b":{},"_coverageSchema":"43e27e138ebf9cfc5966b082cf9a028302ed4184","hash":"2d48ee5ff61be6576156bec9e96ae572d75a9e7d"}
,"/Users/sujimmy/react-winmine/src/components/DigitalSign.js": {"path":"/Users/sujimmy/react-winmine/src/components/DigitalSign.js","statementMap":{"0":{"start":{"line":6,"column":20},"end":{"line":9,"column":1}},"1":{"start":{"line":7,"column":19},"end":{"line":7,"column":41}},"2":{"start":{"line":8,"column":2},"end":{"line":8,"column":65}},"3":{"start":{"line":11,"column":0},"end":{"line":13,"column":2}},"4":{"start":{"line":15,"column":0},"end":{"line":26,"column":2}}},"fnMap":{"0":{"name":"(anonymous_0)","decl":{"start":{"line":6,"column":20},"end":{"line":6,"column":21}},"loc":{"start":{"line":6,"column":46},"end":{"line":9,"column":1}},"line":6}},"branchMap":{"0":{"loc":{"start":{"line":7,"column":19},"end":{"line":7,"column":41}},"type":"cond-expr","locations":[{"start":{"line":7,"column":28},"end":{"line":7,"column":36}},{"start":{"line":7,"column":39},"end":{"line":7,"column":41}}],"line":7}},"s":{"0":3,"1":31,"2":31,"3":3,"4":3},"f":{"0":31},"b":{"0":[25,6]},"_coverageSchema":"43e27e138ebf9cfc5966b082cf9a028302ed4184","hash":"c7fd5a04c6f21bab75a10a20f86fe25882965aa6"}
,"/Users/sujimmy/react-winmine/src/components/StatusBrick.js": {"path":"/Users/sujimmy/react-winmine/src/components/StatusBrick.js","statementMap":{"0":{"start":{"line":6,"column":20},"end":{"line":18,"column":1}},"1":{"start":{"line":7,"column":27},"end":{"line":10,"column":3}},"2":{"start":{"line":8,"column":4},"end":{"line":8,"column":23}},"3":{"start":{"line":9,"column":4},"end":{"line":9,"column":17}},"4":{"start":{"line":11,"column":2},"end":{"line":17,"column":4}},"5":{"start":{"line":20,"column":0},"end":{"line":22,"column":2}},"6":{"start":{"line":23,"column":0},"end":{"line":26,"column":2}}},"fnMap":{"0":{"name":"(anonymous_0)","decl":{"start":{"line":6,"column":20},"end":{"line":6,"column":21}},"loc":{"start":{"line":6,"column":58},"end":{"line":18,"column":1}},"line":6},"1":{"name":"(anonymous_1)","decl":{"start":{"line":7,"column":27},"end":{"line":7,"column":28}},"loc":{"start":{"line":7,"column":32},"end":{"line":10,"column":3}},"line":7}},"branchMap":{},"s":{"0":0,"1":0,"2":0,"3":0,"4":0,"5":0,"6":0},"f":{"0":0,"1":0},"b":{},"hash":"0c4750f7aaad51897ac0f96b24b9fea64d0851c3"}
,"/Users/sujimmy/react-winmine/src/components/WinMine.js": {"path":"/Users/sujimmy/react-winmine/src/components/WinMine.js","statementMap":{"0":{"start":{"line":13,"column":18},"end":{"line":29,"column":1}},"1":{"start":{"line":30,"column":21},"end":{"line":41,"column":1}},"2":{"start":{"line":45,"column":4},"end":{"line":45,"column":17}},"3":{"start":{"line":46,"column":22},"end":{"line":46,"column":27}},"4":{"start":{"line":47,"column":36},"end":{"line":47,"column":52}},"5":{"start":{"line":48,"column":4},"end":{"line":54,"column":6}},"6":{"start":{"line":55,"column":4},"end":{"line":55,"column":39}},"7":{"start":{"line":56,"column":4},"end":{"line":56,"column":63}},"8":{"start":{"line":57,"column":4},"end":{"line":57,"column":59}},"9":{"start":{"line":58,"column":4},"end":{"line":58,"column":55}},"10":{"start":{"line":59,"column":4},"end":{"line":59,"column":51}},"11":{"start":{"line":60,"column":4},"end":{"line":60,"column":61}},"12":{"start":{"line":61,"column":4},"end":{"line":61,"column":45}},"13":{"start":{"line":65,"column":36},"end":{"line":65,"column":46}},"14":{"start":{"line":66,"column":38},"end":{"line":66,"column":72}},"15":{"start":{"line":67,"column":22},"end":{"line":67,"column":51}},"16":{"start":{"line":68,"column":4},"end":{"line":72,"column":7}},"17":{"start":{"line":76,"column":26},"end":{"line":76,"column":36}},"18":{"start":{"line":77,"column":4},"end":{"line":79,"column":5}},"19":{"start":{"line":78,"column":6},"end":{"line":78,"column":31}},"20":{"start":{"line":83,"column":32},"end":{"line":83,"column":42}},"21":{"start":{"line":84,"column":23},"end":{"line":84,"column":31}},"22":{"start":{"line":85,"column":4},"end":{"line":90,"column":7}},"23":{"start":{"line":94,"column":4},"end":{"line":106,"column":11}},"24":{"start":{"line":96,"column":8},"end":{"line":96,"column":68}},"25":{"start":{"line":97,"column":6},"end":{"line":104,"column":8}},"26":{"start":{"line":105,"column":6},"end":{"line":105,"column":21}},"27":{"start":{"line":116,"column":8},"end":{"line":116,"column":18}},"28":{"start":{"line":117,"column":42},"end":{"line":117,"column":59}},"29":{"start":{"line":118,"column":4},"end":{"line":120,"column":5}},"30":{"start":{"line":119,"column":6},"end":{"line":119,"column":13}},"31":{"start":{"line":121,"column":26},"end":{"line":121,"column":61}},"32":{"start":{"line":122,"column":4},"end":{"line":124,"column":7}},"33":{"start":{"line":123,"column":6},"end":{"line":123,"column":55}},"34":{"start":{"line":125,"column":25},"end":{"line":125,"column":78}},"35":{"start":{"line":126,"column":4},"end":{"line":128,"column":5}},"36":{"start":{"line":127,"column":6},"end":{"line":127,"column":31}},"37":{"start":{"line":129,"column":4},"end":{"line":141,"column":6}},"38":{"start":{"line":137,"column":8},"end":{"line":139,"column":9}},"39":{"start":{"line":138,"column":10},"end":{"line":138,"column":47}},"40":{"start":{"line":145,"column":49},"end":{"line":145,"column":59}},"41":{"start":{"line":146,"column":23},"end":{"line":146,"column":37}},"42":{"start":{"line":147,"column":4},"end":{"line":147,"column":49}},"43":{"start":{"line":157,"column":8},"end":{"line":157,"column":18}},"44":{"start":{"line":158,"column":4},"end":{"line":160,"column":5}},"45":{"start":{"line":159,"column":6},"end":{"line":159,"column":13}},"46":{"start":{"line":162,"column":4},"end":{"line":164,"column":5}},"47":{"start":{"line":163,"column":6},"end":{"line":163,"column":13}},"48":{"start":{"line":165,"column":4},"end":{"line":169,"column":7}},"49":{"start":{"line":166,"column":6},"end":{"line":168,"column":7}},"50":{"start":{"line":167,"column":8},"end":{"line":167,"column":55}},"51":{"start":{"line":170,"column":4},"end":{"line":170,"column":78}},"52":{"start":{"line":171,"column":22},"end":{"line":171,"column":59}},"53":{"start":{"line":172,"column":4},"end":{"line":179,"column":7}},"54":{"start":{"line":173,"column":6},"end":{"line":178,"column":8}},"55":{"start":{"line":180,"column":4},"end":{"line":180,"column":29}},"56":{"start":{"line":181,"column":4},"end":{"line":185,"column":7}},"57":{"start":{"line":189,"column":24},"end":{"line":189,"column":34}},"58":{"start":{"line":190,"column":4},"end":{"line":197,"column":5}},"59":{"start":{"line":196,"column":6},"end":{"line":196,"column":19}},"60":{"start":{"line":198,"column":4},"end":{"line":198,"column":16}},"61":{"start":{"line":202,"column":31},"end":{"line":202,"column":41}},"62":{"start":{"line":204,"column":4},"end":{"line":206,"column":5}},"63":{"start":{"line":205,"column":6},"end":{"line":205,"column":27}},"64":{"start":{"line":207,"column":4},"end":{"line":207,"column":33}},"65":{"start":{"line":209,"column":4},"end":{"line":227,"column":5}},"66":{"start":{"line":213,"column":29},"end":{"line":213,"column":51}},"67":{"start":{"line":214,"column":30},"end":{"line":214,"column":58}},"68":{"start":{"line":215,"column":6},"end":{"line":219,"column":7}},"69":{"start":{"line":216,"column":8},"end":{"line":216,"column":59}},"70":{"start":{"line":217,"column":8},"end":{"line":217,"column":67}},"71":{"start":{"line":218,"column":8},"end":{"line":218,"column":67}},"72":{"start":{"line":220,"column":6},"end":{"line":224,"column":7}},"73":{"start":{"line":221,"column":8},"end":{"line":221,"column":59}},"74":{"start":{"line":222,"column":8},"end":{"line":222,"column":67}},"75":{"start":{"line":223,"column":8},"end":{"line":223,"column":67}},"76":{"start":{"line":225,"column":6},"end":{"line":225,"column":61}},"77":{"start":{"line":226,"column":6},"end":{"line":226,"column":61}},"78":{"start":{"line":228,"column":4},"end":{"line":228,"column":25}},"79":{"start":{"line":232,"column":29},"end":{"line":232,"column":39}},"80":{"start":{"line":233,"column":4},"end":{"line":235,"column":7}},"81":{"start":{"line":234,"column":6},"end":{"line":234,"column":67}},"82":{"start":{"line":236,"column":21},"end":{"line":236,"column":59}},"83":{"start":{"line":237,"column":4},"end":{"line":241,"column":7}},"84":{"start":{"line":245,"column":4},"end":{"line":245,"column":23}},"85":{"start":{"line":246,"column":64},"end":{"line":246,"column":74}},"86":{"start":{"line":247,"column":35},"end":{"line":247,"column":52}},"87":{"start":{"line":248,"column":21},"end":{"line":248,"column":40}},"88":{"start":{"line":249,"column":21},"end":{"line":249,"column":40}},"89":{"start":{"line":250,"column":4},"end":{"line":256,"column":5}},"90":{"start":{"line":255,"column":6},"end":{"line":255,"column":13}},"91":{"start":{"line":257,"column":4},"end":{"line":257,"column":70}},"92":{"start":{"line":258,"column":4},"end":{"line":262,"column":5}},"93":{"start":{"line":259,"column":6},"end":{"line":259,"column":34}},"94":{"start":{"line":261,"column":6},"end":{"line":261,"column":61}},"95":{"start":{"line":264,"column":4},"end":{"line":264,"column":41}},"96":{"start":{"line":268,"column":55},"end":{"line":268,"column":65}},"97":{"start":{"line":269,"column":38},"end":{"line":269,"column":72}},"98":{"start":{"line":271,"column":4},"end":{"line":273,"column":5}},"99":{"start":{"line":272,"column":6},"end":{"line":272,"column":48}},"100":{"start":{"line":275,"column":4},"end":{"line":285,"column":7}},"101":{"start":{"line":289,"column":22},"end":{"line":289,"column":32}},"102":{"start":{"line":290,"column":52},"end":{"line":290,"column":62}},"103":{"start":{"line":291,"column":4},"end":{"line":323,"column":6}},"104":{"start":{"line":308,"column":18},"end":{"line":308,"column":28}},"105":{"start":{"line":309,"column":14},"end":{"line":319,"column":16}},"106":{"start":{"line":327,"column":0},"end":{"line":329,"column":2}},"107":{"start":{"line":331,"column":0},"end":{"line":333,"column":2}}},"fnMap":{"0":{"name":"(anonymous_0)","decl":{"start":{"line":44,"column":2},"end":{"line":44,"column":3}},"loc":{"start":{"line":44,"column":21},"end":{"line":62,"column":3}},"line":44},"1":{"name":"(anonymous_1)","decl":{"start":{"line":64,"column":2},"end":{"line":64,"column":3}},"loc":{"start":{"line":64,"column":22},"end":{"line":73,"column":3}},"line":64},"2":{"name":"(anonymous_2)","decl":{"start":{"line":75,"column":2},"end":{"line":75,"column":3}},"loc":{"start":{"line":75,"column":25},"end":{"line":80,"column":3}},"line":75},"3":{"name":"(anonymous_3)","decl":{"start":{"line":82,"column":2},"end":{"line":82,"column":3}},"loc":{"start":{"line":82,"column":10},"end":{"line":91,"column":3}},"line":82},"4":{"name":"(anonymous_4)","decl":{"start":{"line":93,"column":2},"end":{"line":93,"column":3}},"loc":{"start":{"line":93,"column":28},"end":{"line":107,"column":3}},"line":93},"5":{"name":"(anonymous_5)","decl":{"start":{"line":94,"column":26},"end":{"line":94,"column":27}},"loc":{"start":{"line":94,"column":56},"end":{"line":106,"column":5}},"line":94},"6":{"name":"(anonymous_6)","decl":{"start":{"line":109,"column":2},"end":{"line":109,"column":3}},"loc":{"start":{"line":109,"column":33},"end":{"line":142,"column":3}},"line":109},"7":{"name":"(anonymous_7)","decl":{"start":{"line":122,"column":26},"end":{"line":122,"column":27}},"loc":{"start":{"line":122,"column":32},"end":{"line":124,"column":5}},"line":122},"8":{"name":"(anonymous_8)","decl":{"start":{"line":136,"column":6},"end":{"line":136,"column":7}},"loc":{"start":{"line":136,"column":12},"end":{"line":140,"column":7}},"line":136},"9":{"name":"(anonymous_9)","decl":{"start":{"line":144,"column":2},"end":{"line":144,"column":3}},"loc":{"start":{"line":144,"column":32},"end":{"line":148,"column":3}},"line":144},"10":{"name":"(anonymous_10)","decl":{"start":{"line":150,"column":2},"end":{"line":150,"column":3}},"loc":{"start":{"line":150,"column":31},"end":{"line":186,"column":3}},"line":150},"11":{"name":"(anonymous_11)","decl":{"start":{"line":165,"column":25},"end":{"line":165,"column":26}},"loc":{"start":{"line":165,"column":30},"end":{"line":169,"column":5}},"line":165},"12":{"name":"(anonymous_12)","decl":{"start":{"line":172,"column":22},"end":{"line":172,"column":23}},"loc":{"start":{"line":172,"column":38},"end":{"line":179,"column":5}},"line":172},"13":{"name":"(anonymous_13)","decl":{"start":{"line":188,"column":2},"end":{"line":188,"column":3}},"loc":{"start":{"line":188,"column":39},"end":{"line":199,"column":3}},"line":188},"14":{"name":"(anonymous_14)","decl":{"start":{"line":201,"column":2},"end":{"line":201,"column":3}},"loc":{"start":{"line":201,"column":65},"end":{"line":229,"column":3}},"line":201},"15":{"name":"(anonymous_15)","decl":{"start":{"line":231,"column":2},"end":{"line":231,"column":3}},"loc":{"start":{"line":231,"column":31},"end":{"line":242,"column":3}},"line":231},"16":{"name":"(anonymous_16)","decl":{"start":{"line":233,"column":22},"end":{"line":233,"column":23}},"loc":{"start":{"line":233,"column":34},"end":{"line":235,"column":5}},"line":233},"17":{"name":"(anonymous_17)","decl":{"start":{"line":244,"column":2},"end":{"line":244,"column":3}},"loc":{"start":{"line":244,"column":29},"end":{"line":265,"column":3}},"line":244},"18":{"name":"(anonymous_18)","decl":{"start":{"line":267,"column":2},"end":{"line":267,"column":3}},"loc":{"start":{"line":267,"column":16},"end":{"line":286,"column":3}},"line":267},"19":{"name":"(anonymous_19)","decl":{"start":{"line":288,"column":2},"end":{"line":288,"column":3}},"loc":{"start":{"line":288,"column":11},"end":{"line":324,"column":3}},"line":288},"20":{"name":"(anonymous_20)","decl":{"start":{"line":300,"column":37},"end":{"line":300,"column":38}},"loc":{"start":{"line":300,"column":51},"end":{"line":320,"column":13}},"line":300}},"branchMap":{"0":{"loc":{"start":{"line":77,"column":4},"end":{"line":79,"column":5}},"type":"if","locations":[{"start":{"line":77,"column":4},"end":{"line":79,"column":5}},{"start":{"line":77,"column":4},"end":{"line":79,"column":5}}],"line":77},"1":{"loc":{"start":{"line":96,"column":8},"end":{"line":96,"column":68}},"type":"cond-expr","locations":[{"start":{"line":96,"column":23},"end":{"line":96,"column":43}},{"start":{"line":96,"column":46},"end":{"line":96,"column":68}}],"line":96},"2":{"loc":{"start":{"line":118,"column":4},"end":{"line":120,"column":5}},"type":"if","locations":[{"start":{"line":118,"column":4},"end":{"line":120,"column":5}},{"start":{"line":118,"column":4},"end":{"line":120,"column":5}}],"line":118},"3":{"loc":{"start":{"line":118,"column":8},"end":{"line":118,"column":53}},"type":"binary-expr","locations":[{"start":{"line":118,"column":8},"end":{"line":118,"column":16}},{"start":{"line":118,"column":20},"end":{"line":118,"column":28}},{"start":{"line":118,"column":32},"end":{"line":118,"column":53}}],"line":118},"4":{"loc":{"start":{"line":126,"column":4},"end":{"line":128,"column":5}},"type":"if","locations":[{"start":{"line":126,"column":4},"end":{"line":128,"column":5}},{"start":{"line":126,"column":4},"end":{"line":128,"column":5}}],"line":126},"5":{"loc":{"start":{"line":133,"column":20},"end":{"line":133,"column":56}},"type":"cond-expr","locations":[{"start":{"line":133,"column":35},"end":{"line":133,"column":43}},{"start":{"line":133,"column":46},"end":{"line":133,"column":56}}],"line":133},"6":{"loc":{"start":{"line":134,"column":19},"end":{"line":134,"column":55}},"type":"cond-expr","locations":[{"start":{"line":134,"column":34},"end":{"line":134,"column":43}},{"start":{"line":134,"column":46},"end":{"line":134,"column":55}}],"line":134},"7":{"loc":{"start":{"line":137,"column":8},"end":{"line":139,"column":9}},"type":"if","locations":[{"start":{"line":137,"column":8},"end":{"line":139,"column":9}},{"start":{"line":137,"column":8},"end":{"line":139,"column":9}}],"line":137},"8":{"loc":{"start":{"line":158,"column":4},"end":{"line":160,"column":5}},"type":"if","locations":[{"start":{"line":158,"column":4},"end":{"line":160,"column":5}},{"start":{"line":158,"column":4},"end":{"line":160,"column":5}}],"line":158},"9":{"loc":{"start":{"line":162,"column":4},"end":{"line":164,"column":5}},"type":"if","locations":[{"start":{"line":162,"column":4},"end":{"line":164,"column":5}},{"start":{"line":162,"column":4},"end":{"line":164,"column":5}}],"line":162},"10":{"loc":{"start":{"line":166,"column":6},"end":{"line":168,"column":7}},"type":"if","locations":[{"start":{"line":166,"column":6},"end":{"line":168,"column":7}},{"start":{"line":166,"column":6},"end":{"line":168,"column":7}}],"line":166},"11":{"loc":{"start":{"line":190,"column":4},"end":{"line":197,"column":5}},"type":"if","locations":[{"start":{"line":190,"column":4},"end":{"line":197,"column":5}},{"start":{"line":190,"column":4},"end":{"line":197,"column":5}}],"line":190},"12":{"loc":{"start":{"line":191,"column":6},"end":{"line":194,"column":38}},"type":"binary-expr","locations":[{"start":{"line":191,"column":6},"end":{"line":191,"column":24}},{"start":{"line":192,"column":7},"end":{"line":192,"column":24}},{"start":{"line":192,"column":28},"end":{"line":192,"column":57}},{"start":{"line":193,"column":7},"end":{"line":193,"column":24}},{"start":{"line":193,"column":28},"end":{"line":193,"column":57}},{"start":{"line":194,"column":6},"end":{"line":194,"column":38}}],"line":191},"13":{"loc":{"start":{"line":201,"column":44},"end":{"line":201,"column":63}},"type":"default-arg","locations":[{"start":{"line":201,"column":58},"end":{"line":201,"column":63}}],"line":201},"14":{"loc":{"start":{"line":204,"column":4},"end":{"line":206,"column":5}},"type":"if","locations":[{"start":{"line":204,"column":4},"end":{"line":206,"column":5}},{"start":{"line":204,"column":4},"end":{"line":206,"column":5}}],"line":204},"15":{"loc":{"start":{"line":209,"column":4},"end":{"line":227,"column":5}},"type":"if","locations":[{"start":{"line":209,"column":4},"end":{"line":227,"column":5}},{"start":{"line":209,"column":4},"end":{"line":227,"column":5}}],"line":209},"16":{"loc":{"start":{"line":210,"column":6},"end":{"line":211,"column":17}},"type":"binary-expr","locations":[{"start":{"line":210,"column":7},"end":{"line":210,"column":39}},{"start":{"line":210,"column":43},"end":{"line":210,"column":73}},{"start":{"line":211,"column":6},"end":{"line":211,"column":17}}],"line":210},"17":{"loc":{"start":{"line":215,"column":6},"end":{"line":219,"column":7}},"type":"if","locations":[{"start":{"line":215,"column":6},"end":{"line":219,"column":7}},{"start":{"line":215,"column":6},"end":{"line":219,"column":7}}],"line":215},"18":{"loc":{"start":{"line":220,"column":6},"end":{"line":224,"column":7}},"type":"if","locations":[{"start":{"line":220,"column":6},"end":{"line":224,"column":7}},{"start":{"line":220,"column":6},"end":{"line":224,"column":7}}],"line":220},"19":{"loc":{"start":{"line":250,"column":4},"end":{"line":256,"column":5}},"type":"if","locations":[{"start":{"line":250,"column":4},"end":{"line":256,"column":5}},{"start":{"line":250,"column":4},"end":{"line":256,"column":5}}],"line":250},"20":{"loc":{"start":{"line":251,"column":6},"end":{"line":253,"column":28}},"type":"binary-expr","locations":[{"start":{"line":251,"column":6},"end":{"line":251,"column":14}},{"start":{"line":252,"column":7},"end":{"line":252,"column":28}},{"start":{"line":252,"column":32},"end":{"line":252,"column":41}},{"start":{"line":253,"column":6},"end":{"line":253,"column":28}}],"line":251},"21":{"loc":{"start":{"line":258,"column":4},"end":{"line":262,"column":5}},"type":"if","locations":[{"start":{"line":258,"column":4},"end":{"line":262,"column":5}},{"start":{"line":258,"column":4},"end":{"line":262,"column":5}}],"line":258},"22":{"loc":{"start":{"line":271,"column":4},"end":{"line":273,"column":5}},"type":"if","locations":[{"start":{"line":271,"column":4},"end":{"line":273,"column":5}},{"start":{"line":271,"column":4},"end":{"line":273,"column":5}}],"line":271},"23":{"loc":{"start":{"line":299,"column":11},"end":{"line":320,"column":14}},"type":"binary-expr","locations":[{"start":{"line":299,"column":11},"end":{"line":299,"column":18}},{"start":{"line":300,"column":12},"end":{"line":320,"column":14}}],"line":299}},"s":{"0":0,"1":0,"2":0,"3":0,"4":0,"5":0,"6":0,"7":0,"8":0,"9":0,"10":0,"11":0,"12":0,"13":0,"14":0,"15":0,"16":0,"17":0,"18":0,"19":0,"20":0,"21":0,"22":0,"23":0,"24":0,"25":0,"26":0,"27":0,"28":0,"29":0,"30":0,"31":0,"32":0,"33":0,"34":0,"35":0,"36":0,"37":0,"38":0,"39":0,"40":0,"41":0,"42":0,"43":0,"44":0,"45":0,"46":0,"47":0,"48":0,"49":0,"50":0,"51":0,"52":0,"53":0,"54":0,"55":0,"56":0,"57":0,"58":0,"59":0,"60":0,"61":0,"62":0,"63":0,"64":0,"65":0,"66":0,"67":0,"68":0,"69":0,"70":0,"71":0,"72":0,"73":0,"74":0,"75":0,"76":0,"77":0,"78":0,"79":0,"80":0,"81":0,"82":0,"83":0,"84":0,"85":0,"86":0,"87":0,"88":0,"89":0,"90":0,"91":0,"92":0,"93":0,"94":0,"95":0,"96":0,"97":0,"98":0,"99":0,"100":0,"101":0,"102":0,"103":0,"104":0,"105":0,"106":0,"107":0},"f":{"0":0,"1":0,"2":0,"3":0,"4":0,"5":0,"6":0,"7":0,"8":0,"9":0,"10":0,"11":0,"12":0,"13":0,"14":0,"15":0,"16":0,"17":0,"18":0,"19":0,"20":0},"b":{"0":[0,0],"1":[0,0],"2":[0,0],"3":[0,0,0],"4":[0,0],"5":[0,0],"6":[0,0],"7":[0,0],"8":[0,0],"9":[0,0],"10":[0,0],"11":[0,0],"12":[0,0,0,0,0,0],"13":[0],"14":[0,0],"15":[0,0],"16":[0,0,0],"17":[0,0],"18":[0,0],"19":[0,0],"20":[0,0,0,0],"21":[0,0],"22":[0,0],"23":[0,0]},"hash":"3074786846ed98c102d42a52c3febbe409f6a2e5"}
}
