TN:
SF:/Users/sujimmy/react-winmine/src/demo.js
FNF:0
FNH:0
DA:5,0
LF:1
LH:0
BRF:0
BRH:0
end_of_record
TN:
SF:/Users/sujimmy/react-winmine/src/dev.js
FNF:0
FNH:0
DA:5,0
DA:7,0
DA:8,0
LF:3
LH:0
BRDA:7,0,0,0
BRDA:7,0,1,0
BRF:2
BRH:0
end_of_record
TN:
SF:/Users/sujimmy/react-winmine/src/index.js
FNF:0
FNH:0
LF:0
LH:0
BRF:0
BRH:0
end_of_record
TN:
SF:/Users/sujimmy/react-winmine/src/businessLogic/mineMap.js
FN:1,(anonymous_0)
FN:8,(anonymous_1)
FN:11,(anonymous_2)
FN:15,(anonymous_3)
FN:20,(anonymous_4)
FN:28,(anonymous_5)
FN:29,(anonymous_6)
FN:47,(anonymous_7)
FN:48,(anonymous_8)
FN:49,(anonymous_9)
FN:57,(anonymous_10)
FN:63,(anonymous_11)
FN:68,(anonymous_12)
FNF:13
FNH:13
FNDA:5,(anonymous_0)
FNDA:45,(anonymous_1)
FNDA:360,(anonymous_2)
FNDA:45,(anonymous_3)
FNDA:287,(anonymous_4)
FNDA:5,(anonymous_5)
FNDA:45,(anonymous_6)
FNDA:360,(anonymous_7)
FNDA:287,(anonymous_8)
FNDA:222,(anonymous_9)
FNDA:222,(anonymous_10)
FNDA:5,(anonymous_11)
FNDA:5,(anonymous_12)
DA:1,1
DA:2,5
DA:3,5
DA:4,5
DA:5,46
DA:6,46
DA:8,45
DA:11,1
DA:12,360
DA:15,1
DA:16,45
DA:17,45
DA:18,45
DA:19,45
DA:20,45
DA:21,287
DA:28,1
DA:29,5
DA:30,45
DA:31,45
DA:32,45
DA:33,45
DA:34,45
DA:35,45
DA:46,45
DA:47,360
DA:48,287
DA:50,222
DA:51,222
DA:53,45
DA:57,1
DA:58,222
DA:59,185
DA:61,37
DA:63,1
DA:64,5
DA:65,5
DA:68,1
DA:69,5
DA:70,5
DA:71,5
DA:72,5
LF:42
LH:42
BRDA:12,0,0,360
BRDA:12,0,1,322
BRDA:22,1,0,287
BRDA:22,1,1,98
BRDA:22,1,2,251
BRDA:22,1,3,79
BRDA:58,2,0,185
BRDA:58,2,1,37
BRDA:58,3,0,222
BRDA:58,3,1,222
BRF:10
BRH:10
end_of_record
TN:
SF:/Users/sujimmy/react-winmine/src/components/Brick.js
FN:19,(anonymous_0)
FNF:1
FNH:0
FNDA:0,(anonymous_0)
DA:5,0
DA:19,0
DA:27,0
DA:28,0
DA:29,0
DA:30,0
DA:31,0
DA:32,0
DA:34,0
DA:35,0
DA:37,0
DA:38,0
DA:41,0
DA:42,0
DA:53,0
DA:59,0
LF:16
LH:0
BRDA:28,0,0,0
BRDA:28,0,1,0
BRDA:28,1,0,0
BRDA:28,1,1,0
BRDA:29,2,0,0
BRDA:29,2,1,0
BRDA:30,3,0,0
BRDA:30,3,1,0
BRDA:34,4,0,0
BRDA:34,4,1,0
BRDA:37,5,0,0
BRDA:37,5,1,0
BRDA:48,6,0,0
BRDA:48,6,1,0
BRF:14
BRH:0
end_of_record
TN:
SF:/Users/sujimmy/react-winmine/src/components/Const.js
FNF:0
FNH:0
DA:1,0
LF:1
LH:0
BRF:0
BRH:0
end_of_record
TN:
SF:/Users/sujimmy/react-winmine/src/components/DigitalBoard.js
FN:7,(anonymous_0)
FNF:1
FNH:1
FNDA:9,(anonymous_0)
DA:7,1
DA:8,9
DA:9,9
DA:10,9
DA:11,9
DA:13,9
DA:22,1
DA:26,1
LF:8
LH:8
BRF:0
BRH:0
end_of_record
TN:
SF:/Users/sujimmy/react-winmine/src/components/DigitalNumber.js
FN:28,(anonymous_0)
FN:33,(anonymous_1)
FNF:2
FNH:2
FNDA:14,(anonymous_0)
FNDA:98,(anonymous_1)
DA:6,2
DA:18,2
DA:28,2
DA:29,14
DA:31,14
DA:34,98
DA:35,98
DA:43,2
DA:47,2
LF:9
LH:9
BRF:0
BRH:0
end_of_record
TN:
SF:/Users/sujimmy/react-winmine/src/components/DigitalSign.js
FN:6,(anonymous_0)
FNF:1
FNH:1
FNDA:31,(anonymous_0)
DA:6,3
DA:7,31
DA:8,31
DA:11,3
DA:15,3
LF:5
LH:5
BRDA:7,0,0,25
BRDA:7,0,1,6
BRF:2
BRH:2
end_of_record
TN:
SF:/Users/sujimmy/react-winmine/src/components/StatusBrick.js
FN:6,(anonymous_0)
FN:7,(anonymous_1)
FNF:2
FNH:0
FNDA:0,(anonymous_0)
FNDA:0,(anonymous_1)
DA:6,0
DA:7,0
DA:8,0
DA:9,0
DA:11,0
DA:20,0
DA:23,0
LF:7
LH:0
BRF:0
BRH:0
end_of_record
TN:
SF:/Users/sujimmy/react-winmine/src/components/WinMine.js
FN:44,(anonymous_0)
FN:64,(anonymous_1)
FN:75,(anonymous_2)
FN:82,(anonymous_3)
FN:93,(anonymous_4)
FN:94,(anonymous_5)
FN:109,(anonymous_6)
FN:122,(anonymous_7)
FN:136,(anonymous_8)
FN:144,(anonymous_9)
FN:150,(anonymous_10)
FN:165,(anonymous_11)
FN:172,(anonymous_12)
FN:188,(anonymous_13)
FN:201,(anonymous_14)
FN:231,(anonymous_15)
FN:233,(anonymous_16)
FN:244,(anonymous_17)
FN:267,(anonymous_18)
FN:288,(anonymous_19)
FN:300,(anonymous_20)
FNF:21
FNH:0
FNDA:0,(anonymous_0)
FNDA:0,(anonymous_1)
FNDA:0,(anonymous_2)
FNDA:0,(anonymous_3)
FNDA:0,(anonymous_4)
FNDA:0,(anonymous_5)
FNDA:0,(anonymous_6)
FNDA:0,(anonymous_7)
FNDA:0,(anonymous_8)
FNDA:0,(anonymous_9)
FNDA:0,(anonymous_10)
FNDA:0,(anonymous_11)
FNDA:0,(anonymous_12)
FNDA:0,(anonymous_13)
FNDA:0,(anonymous_14)
FNDA:0,(anonymous_15)
FNDA:0,(anonymous_16)
FNDA:0,(anonymous_17)
FNDA:0,(anonymous_18)
FNDA:0,(anonymous_19)
FNDA:0,(anonymous_20)
DA:13,0
DA:30,0
DA:45,0
DA:46,0
DA:47,0
DA:48,0
DA:55,0
DA:56,0
DA:57,0
DA:58,0
DA:59,0
DA:60,0
DA:61,0
DA:65,0
DA:66,0
DA:67,0
DA:68,0
DA:76,0
DA:77,0
DA:78,0
DA:83,0
DA:84,0
DA:85,0
DA:94,0
DA:96,0
DA:97,0
DA:105,0
DA:116,0
DA:117,0
DA:118,0
DA:119,0
DA:121,0
DA:122,0
DA:123,0
DA:125,0
DA:126,0
DA:127,0
DA:129,0
DA:137,0
DA:138,0
DA:145,0
DA:146,0
DA:147,0
DA:157,0
DA:158,0
DA:159,0
DA:162,0
DA:163,0
DA:165,0
DA:166,0
DA:167,0
DA:170,0
DA:171,0
DA:172,0
DA:173,0
DA:180,0
DA:181,0
DA:189,0
DA:190,0
DA:196,0
DA:198,0
DA:202,0
DA:204,0
DA:205,0
DA:207,0
DA:209,0
DA:213,0
DA:214,0
DA:215,0
DA:216,0
DA:217,0
DA:218,0
DA:220,0
DA:221,0
DA:222,0
DA:223,0
DA:225,0
DA:226,0
DA:228,0
DA:232,0
DA:233,0
DA:234,0
DA:236,0
DA:237,0
DA:245,0
DA:246,0
DA:247,0
DA:248,0
DA:249,0
DA:250,0
DA:255,0
DA:257,0
DA:258,0
DA:259,0
DA:261,0
DA:264,0
DA:268,0
DA:269,0
DA:271,0
DA:272,0
DA:275,0
DA:289,0
DA:290,0
DA:291,0
DA:308,0
DA:309,0
DA:327,0
DA:331,0
LF:108
LH:0
BRDA:77,0,0,0
BRDA:77,0,1,0
BRDA:96,1,0,0
BRDA:96,1,1,0
BRDA:118,2,0,0
BRDA:118,2,1,0
BRDA:118,3,0,0
BRDA:118,3,1,0
BRDA:118,3,2,0
BRDA:126,4,0,0
BRDA:126,4,1,0
BRDA:133,5,0,0
BRDA:133,5,1,0
BRDA:134,6,0,0
BRDA:134,6,1,0
BRDA:137,7,0,0
BRDA:137,7,1,0
BRDA:158,8,0,0
BRDA:158,8,1,0
BRDA:162,9,0,0
BRDA:162,9,1,0
BRDA:166,10,0,0
BRDA:166,10,1,0
BRDA:190,11,0,0
BRDA:190,11,1,0
BRDA:191,12,0,0
BRDA:191,12,1,0
BRDA:191,12,2,0
BRDA:191,12,3,0
BRDA:191,12,4,0
BRDA:191,12,5,0
BRDA:201,13,0,0
BRDA:204,14,0,0
BRDA:204,14,1,0
BRDA:209,15,0,0
BRDA:209,15,1,0
BRDA:210,16,0,0
BRDA:210,16,1,0
BRDA:210,16,2,0
BRDA:215,17,0,0
BRDA:215,17,1,0
BRDA:220,18,0,0
BRDA:220,18,1,0
BRDA:250,19,0,0
BRDA:250,19,1,0
BRDA:251,20,0,0
BRDA:251,20,1,0
BRDA:251,20,2,0
BRDA:251,20,3,0
BRDA:258,21,0,0
BRDA:258,21,1,0
BRDA:271,22,0,0
BRDA:271,22,1,0
BRDA:299,23,0,0
BRDA:299,23,1,0
BRF:55
BRH:0
end_of_record
